<html>
<body>
<pre>
<h1>µVision Build Log</h1>
<h2>Tool Versions:</h2>
IDE-Version: ¦ÌVision V5.23.0.0
Copyright (C) 2017 ARM Ltd and ARM Germany GmbH. All rights reserved.
License Information: 11 Microsoft, Microsoft, LIC=IK1CX-H8X22-AR1XW-Q0NRL-0PQ1S-3DZY4
 
Tool Versions:
Toolchain:       MDK-ARM Plus  Version: 5.23
Toolchain Path:  C:\Keil_v5\ARM\ARMCC\Bin
C Compiler:      Armcc.exe V5.06 update 4 (build 422)
Assembler:       Armasm.exe V5.06 update 4 (build 422)
Linker/Locator:  ArmLink.exe V5.06 update 4 (build 422)
Library Manager: ArmAr.exe V5.06 update 4 (build 422)
Hex Converter:   FromElf.exe V5.06 update 4 (build 422)
CPU DLL:         SARMCM3.DLL V5.23
Dialog DLL:      DARMSTM.DLL V1.68.0.0
Target DLL:      Segger\JL2CM3.dll V2.99.23.0
Dialog DLL:      TARMSTM.DLL V1.66.0.0
 
<h2>Project:</h2>
F:\vm program\data anlog\Failly AD7321\USER\TEST.uvprojx
Project File Date:  07/29/2017

<h2>Output:</h2>
*** Using Compiler 'V5.06 update 4 (build 422)', folder: 'C:\Keil_v5\ARM\ARMCC\Bin'
Build target 'TEST'
compiling main.c...
main.c(101): warning:  #223-D: function "AD7810_Init" declared implicitly
        AD7810_Init();
main.c(418): warning:  #223-D: function "filter" declared implicitly
    filter();
main.c(419): error:  #20: identifier "aftervalue" is undefined
        aftervalue[0]=(float)aftervalue[0]*4.88;
main.c(426): warning:  #223-D: function "Wave_filtering" declared implicitly
    Wave_filtering();
main.c(427): error:  #20: identifier "aftervalue" is undefined
        aftervalue[1]=(float)aftervalue[1]*4.88;
main.c: 3 warnings, 2 errors
compiling spiad.c...
..\HARDWARE\SPIAD\spiad.c(120): warning:  #177-D: variable "ibit"  was declared but never referenced
        unsigned int dat = 0, ibit = 0;
..\HARDWARE\SPIAD\spiad.c(210): warning:  #177-D: variable "flag"  was declared but never referenced
        uint8_t  flag;
..\HARDWARE\SPIAD\spiad.c: 2 warnings, 0 errors
"..\OBJ\TEST.axf" - 2 Error(s), 5 Warning(s).

<h2>Collection of Component include folders:</h2>
  .\RTE\_TEST
  C:\Keil_v5\ARM\PACK\Keil\STM32F1xx_DFP\2.2.0\Device\Include

<h2>Collection of Component Files used:</h2>
Target not created.
Build Time Elapsed:  00:00:05
</pre>
</body>
</html>
